<?xml version="1.0" encoding="UTF-8"?>
<testng-results skipped="0" failed="0" total="1" passed="1">
  <reporter-output>
  </reporter-output>
  <suite name="Surefire suite" duration-ms="66" started-at="2019-12-17T05:30:22Z" finished-at="2019-12-17T05:30:22Z">
    <groups>
    </groups>
    <test name="Surefire test" duration-ms="66" started-at="2019-12-17T05:30:22Z" finished-at="2019-12-17T05:30:22Z">
      <class name="com.kritter.TestHelloWorld">
        <test-method status="PASS" signature="testEmailGenerator()[pri:0, instance:testEmailGenerator(com.kritter.TestHelloWorld)]" name="testEmailGenerator" duration-ms="3" started-at="2019-12-17T11:00:22Z" finished-at="2019-12-17T11:00:22Z">
          <reporter-output>
          </reporter-output>
        </test-method> <!-- testEmailGenerator -->
      </class> <!-- com.kritter.TestHelloWorld -->
    </test> <!-- Surefire test -->
  </suite> <!-- Surefire suite -->
</testng-results>
